<?xml version="1.0" encoding="UTF-8"?>
<!-- Generated by org.testng.reporters.JUnitReportReporter -->
<testsuite hostname="DESKTOP-6KL1CQT" failures="0" tests="4" name="testCases.TC002_LoginTest" time="37.590" errors="0" timestamp="2024-08-18T19:41:24 IST" skipped="0">
  <testcase classname="testCases.TC002_LoginTest" name="verifyLogin" time="11.510"/>
  <testcase classname="testCases.TC002_LoginTest" name="verifyLogin" time="11.579"/>
  <testcase classname="testCases.TC002_LoginTest" name="verifyLogin" time="3.039"/>
  <testcase classname="testCases.TC002_LoginTest" name="verifyLogin" time="11.462"/>
</testsuite> <!-- testCases.TC002_LoginTest -->
