<?xml version="1.0" encoding="UTF-8"?>
<!-- Generated by org.testng.reporters.JUnitReportReporter -->
<testsuite hostname="DESKTOP-6KL1CQT" failures="0" tests="1" name="utilities.DataProviders" time="2.047" errors="0" timestamp="2024-08-18T18:19:28 IST" skipped="0">
  <testcase classname="utilities.DataProviders" name="LoginData" time="2.047"/>
</testsuite> <!-- utilities.DataProviders -->
